make all --print-data-base --no-builtin-variables --no-builtin-rules --question
# GNU Make 3.81
# Copyright (C) 2006  Free Software Foundation, Inc.
# This is free software; see the source for copying conditions.
# There is NO warranty; not even for MERCHANTABILITY or FITNESS FOR A
# PARTICULAR PURPOSE.

# This program built for i386-apple-darwin11.3.0
 

# Make data base, printed on Tue Jul 26 16:07:23 2022

# Variables

# automatic
<D = $(patsubst %/,%,$(dir $<))
# automatic
?F = $(notdir $?)
# environment
ELECTRON_NO_ATTACH_CONSOLE = 1
# environment
NVM_INC = /Users/yj/.nvm/versions/node/v16.15.1/include/node
# automatic
?D = $(patsubst %/,%,$(dir $?))
# automatic
@D = $(patsubst %/,%,$(dir $@))
# automatic
@F = $(notdir $@)
# makefile
CURDIR := /Users/yj/Developer/hello_foundry
# makefile
SHELL = /bin/sh
# environment
RPC_URL = https://polygon-mumbai.g.alchemy.com/v2/Ag-pm6fWkL0wpq9pkgMw6EEehJpPyTPP
# environment
VSCODE_NLS_CONFIG = {"locale":"en-us","availableLanguages":{},"_languagePackSupport":true}
# environment
_ = /usr/bin/make
# makefile (from `Makefile', line 1)
MAKEFILE_LIST :=  Makefile
# environment
__CFBundleIdentifier = com.microsoft.VSCode
 
# environment
VSCODE_CWD = /Users/yj/Developer/hello_foundry
# environment
PATH = /Users/yj/.yarn/bin:/Users/yj/.config/yarn/global/node_modules/.bin:/Users/yj/.nvm/versions/node/v16.15.1/bin:/Users/yj/opt/anaconda3/bin:/Users/yj/opt/anaconda3/condabin:/Users/yj/.cargo/bin:/Users/yj/.yarn/bin:/Users/yj/.config/yarn/global/node_modules/.bin:/Applications/Visual Studio Code.app/Contents/Resources/app/bin:/usr/local/bin:/usr/bin:/bin:/usr/sbin:/sbin:/Library/Apple/usr/bin:/usr/local/go/bin:/Users/yj/.foundry/bin:/Users/yj/.foundry/bin:/Users/yj/.foundry/bin
# environment
NVM_BIN = /Users/yj/.nvm/versions/node/v16.15.1/bin
# environment
ELECTRON_RUN_AS_NODE = 1
# default
.FEATURES := target-specific order-only second-expansion else-if archives jobserver check-symlink
# environment
SSH_AUTH_SOCK = /private/tmp/com.apple.launchd.Ta54o0MSNp/Listeners
# automatic
%F = $(notdir $%)
# environment
CONDA_EXE = /Users/yj/opt/anaconda3/bin/conda
# environment
PWD = /Users/yj/Developer/hello_foundry
# environment
ORIGINAL_XDG_CURRENT_DESKTOP = undefined
# environment
VSCODE_AMD_ENTRYPOINT = vs/workbench/api/node/extensionHostProcess
# environment
HOME = /Users/yj
# default
MAKEFILEPATH := /Applications/Xcode.app/Contents/Developer/Makefiles
# environment
VSCODE_CLI = 1
# environment
VSCODE_CODE_CACHE_PATH = /Users/yj/Library/Application Support/Code/CachedData/3b889b090b5ad5793f524b5d1d39fda662b96a2a
# environment
LOGNAME = yj
# environment
APPLICATION_INSIGHTS_NO_DIAGNOSTIC_CHANNEL = true
# environment
CONDA_PROMPT_MODIFIER = (base) 
# environment
NVM_CD_FLAGS = 
# environment
VSCODE_HANDLES_UNCAUGHT_ERRORS = true
# automatic
^D = $(patsubst %/,%,$(dir $^))
# environment
CONDA_DEFAULT_ENV = base
# environment
XPC_FLAGS = 0x0
# environment
COLORTERM = truecolor
# default
MAKE = $(MAKE_COMMAND)
# environment
LC_TERMINAL = iTerm2
# environment
SHLVL = 3
# default
MAKE_VERSION := 3.81
# environment
USER = yj
# environment
PRIVATE_KEY = 3da17c7df62fef33deb956a5326cbee6d95d72679af7458fca794cd493437828
# makefile
.DEFAULT_GOAL := all
# default
MAKECMDGOALS := all
# environment
TERM_SESSION_ID = w0t0p1:97507E02-889F-4A2E-A6BA-8DE21C721FBB
# automatic
%D = $(patsubst %/,%,$(dir $%))
# environment
CONDA_SHLVL = 1
# default
MAKE_COMMAND := /Applications/Xcode.app/Contents/Developer/usr/bin/make
# environment
TERM_PROGRAM = iTerm.app
# default
.VARIABLES := 
# environment
TMPDIR = /var/folders/2k/8pygwk417nx88ph1cch271kr0000gn/T/
# automatic
*F = $(notdir $*)
# environment
VSCODE_IPC_HOOK = /Users/yj/Library/Application Support/Code/1.69.2-main.sock
# environment
MallocNanoZone = 0
# makefile
MAKEFLAGS = Rrqp
# environment
MFLAGS = -Rrqp
# automatic
*D = $(patsubst %/,%,$(dir $*))
# environment
TERM_PROGRAM_VERSION = 3.4.16
# environment
NVM_DIR = /Users/yj/.nvm
# environment
XPC_SERVICE_NAME = application.com.microsoft.VSCode.122251831.122251837.B27062F0-7CC5-4815-ABB8-E7AD8A6DC570
# environment
LC_TERMINAL_VERSION = 3.4.16
# automatic
+D = $(patsubst %/,%,$(dir $+))
# automatic
+F = $(notdir $+)
# environment
ITERM_SESSION_ID = w0t0p1:97507E02-889F-4A2E-A6BA-8DE21C721FBB
# environment
COLORFGBG = 7;0
# environment
__CF_USER_TEXT_ENCODING = 0x1F5:0x0:0x0
# environment
COMMAND_MODE = unix2003
# default
MAKEFILES := 
# automatic
<F = $(notdir $<)
# environment
ITERM_PROFILE = Default
# environment
LC_ALL = C
# environment
CONDA_PYTHON_EXE = /Users/yj/opt/anaconda3/bin/python
# automatic
^F = $(notdir $^)
# default
SUFFIXES := 
# environment
_CE_M = 
# default
.INCLUDE_DIRS = /usr/local/include
 
# environment
MAKELEVEL := 0
# environment
CONDA_PREFIX = /Users/yj/opt/anaconda3
# environment
TERM = xterm-256color
# environment
VSCODE_PID = 15240
# environment
_CE_CONDA = 
# environment
LANG = C
# variable set hash-table stats:
# Load=84/1024=8%, Rehash=0, Collisions=5/110=5%

# Pattern-specific Variable Values

# No pattern-specific variable values.

# Directories

# . (device 16777221, inode 122168470): 17 files, no impossibilities.

# 17 files, no impossibilities in 1 directories.

# Implicit Rules

# No implicit rules.

# Files

all: clean remove install update build
#  Command-line target.
#  Implicit rule search has been done.
#  File does not exist.
#  File has been updated.
#  Needs to be updated (-q is set).
# variable set hash-table stats:
# Load=0/32=0%, Rehash=0, Collisions=0/2=0%

# Not a target:
.SUFFIXES:
#  Implicit rule search has not been done.
#  Modification time never checked.
#  File has not been updated.

format:
#  Implicit rule search has not been done.
#  Modification time never checked.
#  File has not been updated.
#  commands to execute (from `Makefile', line 24):
	prettier --write src/**/*.sol && prettier --write src/*.sol
	

# Not a target:
Makefile:
#  Implicit rule search has been done.
#  Last modified 2022-07-26 16:07:08
#  File has been updated.
#  Successfully updated.
# variable set hash-table stats:
# Load=0/32=0%, Rehash=0, Collisions=0/0=0%

remove:
#  Implicit rule search has not been done.
#  Modification time never checked.
#  File has not been updated.
#  commands to execute (from `Makefile', line 9):
	rm -rf .gitmodules && rm -rf .git/modules/* && rm -rf lib && touch .gitmodules && git add . && git commit -m "modules"
	

update:
#  Implicit rule search has not been done.
#  Modification time never checked.
#  File has not been updated.
#  commands to execute (from `Makefile', line 14):
	forge update
	

test:
#  Implicit rule search has not been done.
#  Modification time never checked.
#  File has not been updated.
#  commands to execute (from `Makefile', line 18):
	forge test 
	

build:
#  Implicit rule search has not been done.
#  Modification time never checked.
#  File has not been updated.
#  commands to execute (from `Makefile', line 16):
	forge build
	

slither:
#  Implicit rule search has not been done.
#  Modification time never checked.
#  File has not been updated.
#  commands to execute (from `Makefile', line 22):
	slither ./src 
	

# Not a target:
.env:
#  A default, MAKEFILES, or -include/sinclude makefile.
#  Implicit rule search has been done.
#  File does not exist.
#  File has been updated.
#  Failed to be updated.
# variable set hash-table stats:
# Load=0/32=0%, Rehash=0, Collisions=0/0=0%

# Not a target:
.DEFAULT:
#  Implicit rule search has not been done.
#  Modification time never checked.
#  File has not been updated.

clean:
#  Implicit rule search has not been done.
#  Implicit/static pattern stem: `'
#  File does not exist.
#  File has been updated.
#  Needs to be updated (-q is set).
# automatic
# @ := clean
# automatic
# % := 
# automatic
# * := 
# automatic
# + := 
# automatic
# | := 
# automatic
# < := 
# automatic
# ^ := 
# automatic
# ? := 
# variable set hash-table stats:
# Load=8/32=25%, Rehash=0, Collisions=1/10=10%
#  commands to execute (from `Makefile', line 6):
	forge clean
	

deploy-rinkeby:
#  Implicit rule search has not been done.
#  Modification time never checked.
#  File has not been updated.
#  commands to execute (from `Makefile', line 32):
	@forge script script/${contract}.s.sol:Deploy${contract} --rpc-url ${RINKEBY_RPC_URL}  --private-key ${PRIVATE_KEY} --broadcast --verify --etherscan-api-key ${ETHERSCAN_API_KEY}  -vvvv
	

 
snapshot:
#  Implicit rule search has not been done.
#  Modification time never checked.
#  File has not been updated.
#  commands to execute (from `Makefile', line 20):
	forge snapshot
	

deploy-anvil:
#  Implicit rule search has not been done.
#  Modification time never checked.
#  File has not been updated.
#  commands to execute (from `Makefile', line 35):
	@forge script script/${contract}.s.sol:Deploy${contract} --rpc-url http://localhost:8545  --private-key 0xac0974bec39a17e36ba4a6b4d238ff944bacb478cbed5efcae784d7bf4f2ff80 --broadcast 
	

lint:
#  Implicit rule search has not been done.
#  Modification time never checked.
#  File has not been updated.
#  commands to execute (from `Makefile', line 27):
	solhint src/**/*.sol && solhint src/*.sol
	

deploy-all:
#  Implicit rule search has not been done.
#  Modification time never checked.
#  File has not been updated.
#  commands to execute (from `Makefile', line 37):
	make deploy-${network} contract=APIConsumer && make deploy-${network} contract=KeepersCounter && make deploy-${network} contract=PriceFeedConsumer && make deploy-${network} contract=VRFConsumerV2
	

anvil:
#  Implicit rule search has not been done.
#  Modification time never checked.
#  File has not been updated.
#  commands to execute (from `Makefile', line 29):
	anvil -m 'test test test test test test test test test test test junk'
	

install:
#  Implicit rule search has not been done.
#  Modification time never checked.
#  File has not been updated.
#  commands to execute (from `Makefile', line 11):
	forge install smartcontractkit/chainlink-brownie-contracts && forge install rari-capital/solmate && forge install foundry-rs/forge-std
	

# files hash-table stats:
# Load=19/1024=2%, Rehash=0, Collisions=0/39=0%
# VPATH Search Paths

# No `vpath' search paths.

# No general (`VPATH' variable) search path.

# # of strings in strcache: 2
# # of strcache buffers: 1
# strcache size: total = 4096 / max = 4096 / min = 4096 / avg = 4096
# strcache free: total = 4082 / max = 4082 / min = 4082 / avg = 4082

# Finished Make data base on Tue Jul 26 16:07:23 2022

 
